c:\users\william.arnback\documents\github\dynamo\libs\dynamo-commonutilities_debug.pdb
c:\users\william.arnback\documents\github\dynamo\libs\dynamo-commonutilities_debug.idb
c:\users\william.arnback\documents\github\dynamo\intermediate\timer.obj
c:\users\william.arnback\documents\github\dynamo\intermediate\point.obj
c:\users\william.arnback\documents\github\dynamo\intermediate\input.obj
c:\users\william.arnback\documents\github\dynamo\intermediate\dynamo-commonutilities.obj
c:\users\william.arnback\documents\github\dynamo\libs\dynamo-commonutilities_debug.lib
c:\users\william.arnback\documents\github\dynamo\intermediate\camera.obj
c:\users\william.arnback\documents\github\dynamo\intermediate\component.obj
c:\users\william.arnback\documents\github\dynamo\intermediate\componentadmin.obj
c:\users\william.arnback\documents\github\dynamo\intermediate\ddstextureloader.obj
c:\users\william.arnback\documents\github\dynamo\intermediate\directxframework.obj
c:\users\william.arnback\documents\github\dynamo\intermediate\entry.obj
c:\users\william.arnback\documents\github\dynamo\intermediate\forwardrenderer.obj
c:\users\william.arnback\documents\github\dynamo\intermediate\game.obj
c:\users\william.arnback\documents\github\dynamo\intermediate\gameobject.obj
c:\users\william.arnback\documents\github\dynamo\intermediate\gamepch.obj
c:\users\william.arnback\documents\github\dynamo\intermediate\gamescene.obj
c:\users\william.arnback\documents\github\dynamo\intermediate\jsonfactory.obj
c:\users\william.arnback\documents\github\dynamo\intermediate\main.obj
c:\users\william.arnback\documents\github\dynamo\intermediate\mainsingleton.obj
c:\users\william.arnback\documents\github\dynamo\intermediate\materialfactory.obj
c:\users\william.arnback\documents\github\dynamo\intermediate\meshrenderer.obj
c:\users\william.arnback\documents\github\dynamo\intermediate\model.obj
c:\users\william.arnback\documents\github\dynamo\intermediate\modelfactory.obj
c:\users\william.arnback\documents\github\dynamo\intermediate\pch.obj
c:\users\william.arnback\documents\github\dynamo\intermediate\rendermanager.obj
c:\users\william.arnback\documents\github\dynamo\intermediate\resourcefactory.obj
c:\users\william.arnback\documents\github\dynamo\intermediate\scene.obj
c:\users\william.arnback\documents\github\dynamo\intermediate\shader.obj
c:\users\william.arnback\documents\github\dynamo\intermediate\shaderfactory.obj
c:\users\william.arnback\documents\github\dynamo\intermediate\texture.obj
c:\users\william.arnback\documents\github\dynamo\intermediate\texturefactory.obj
c:\users\william.arnback\documents\github\dynamo\intermediate\transform.obj
c:\users\william.arnback\documents\github\dynamo\intermediate\windowhandler.obj
c:\users\william.arnback\documents\github\dynamo\intermediate\dynamo-core_debug.pch
c:\users\william.arnback\documents\github\dynamo\intermediate\dynamo-game_debug.pch
c:\users\william.arnback\documents\github\dynamo\intermediate\vc142.idb
c:\users\william.arnback\documents\github\dynamo\intermediate\vc142.pdb
c:\users\william.arnback\documents\github\dynamo\dynamo\..\libs\dynamo-commonutilities_debug.pdb
c:\users\william.arnback\documents\github\dynamo\intermediate\dynamo-c.6a93e9c1.tlog\cl.command.1.tlog
c:\users\william.arnback\documents\github\dynamo\intermediate\dynamo-c.6a93e9c1.tlog\cl.read.1.tlog
c:\users\william.arnback\documents\github\dynamo\intermediate\dynamo-c.6a93e9c1.tlog\cl.write.1.tlog
c:\users\william.arnback\documents\github\dynamo\intermediate\dynamo-c.6a93e9c1.tlog\lib-link.read.1.tlog
c:\users\william.arnback\documents\github\dynamo\intermediate\dynamo-c.6a93e9c1.tlog\lib-link.write.1.tlog
c:\users\william.arnback\documents\github\dynamo\intermediate\dynamo-c.6a93e9c1.tlog\lib.command.1.tlog
