c:\users\william.arnback\documents\github\dynamo\libs\dynamo-componentsystem_debug.pdb
c:\users\william.arnback\documents\github\dynamo\libs\dynamo-componentsystem_debug.idb
c:\users\william.arnback\documents\github\dynamo\intermediate\gameobject.obj
c:\users\william.arnback\documents\github\dynamo\intermediate\componentadmin.obj
c:\users\william.arnback\documents\github\dynamo\intermediate\component.obj
c:\users\william.arnback\documents\github\dynamo\libs\dynamo-componentsystem_debug.lib
c:\users\william.arnback\documents\github\dynamo\intermediate\texturefactory.obj
c:\users\william.arnback\documents\github\dynamo\intermediate\transform.obj
c:\users\william.arnback\documents\github\dynamo\intermediate\windowhandler.obj
c:\users\william.arnback\documents\github\dynamo\intermediate\dynamo-core_debug.pch
c:\users\william.arnback\documents\github\dynamo\intermediate\dynamo-game_debug.pch
c:\users\william.arnback\documents\github\dynamo\intermediate\vc142.idb
c:\users\william.arnback\documents\github\dynamo\intermediate\vc142.pdb
c:\users\william.arnback\documents\github\dynamo\dynamo\..\libs\dynamo-componentsystem_debug.pdb
c:\users\william.arnback\documents\github\dynamo\intermediate\dynamo-c.cf010b1f.tlog\cl.command.1.tlog
c:\users\william.arnback\documents\github\dynamo\intermediate\dynamo-c.cf010b1f.tlog\cl.read.1.tlog
c:\users\william.arnback\documents\github\dynamo\intermediate\dynamo-c.cf010b1f.tlog\cl.write.1.tlog
c:\users\william.arnback\documents\github\dynamo\intermediate\dynamo-c.cf010b1f.tlog\lib-link.read.1.tlog
c:\users\william.arnback\documents\github\dynamo\intermediate\dynamo-c.cf010b1f.tlog\lib-link.write.1.tlog
c:\users\william.arnback\documents\github\dynamo\intermediate\dynamo-c.cf010b1f.tlog\lib.command.1.tlog
