c:\users\william.arnback\documents\github\dynamo\intermediate\dynamo-core_debug.pch
c:\users\william.arnback\documents\github\dynamo\libs\dynamo-core_debug.pdb
c:\users\william.arnback\documents\github\dynamo\libs\dynamo-core_debug.idb
c:\users\william.arnback\documents\github\dynamo\intermediate\pch.obj
c:\users\william.arnback\documents\github\dynamo\intermediate\scene.obj
c:\users\william.arnback\documents\github\dynamo\intermediate\texture.obj
c:\users\william.arnback\documents\github\dynamo\intermediate\shader.obj
c:\users\william.arnback\documents\github\dynamo\intermediate\rendermanager.obj
c:\users\william.arnback\documents\github\dynamo\intermediate\model.obj
c:\users\william.arnback\documents\github\dynamo\intermediate\forwardrenderer.obj
c:\users\william.arnback\documents\github\dynamo\intermediate\entry.obj
c:\users\william.arnback\documents\github\dynamo\intermediate\texturefactory.obj
c:\users\william.arnback\documents\github\dynamo\intermediate\shaderfactory.obj
c:\users\william.arnback\documents\github\dynamo\intermediate\resourcefactory.obj
c:\users\william.arnback\documents\github\dynamo\intermediate\modelfactory.obj
c:\users\william.arnback\documents\github\dynamo\intermediate\materialfactory.obj
c:\users\william.arnback\documents\github\dynamo\intermediate\jsonfactory.obj
c:\users\william.arnback\documents\github\dynamo\intermediate\ddstextureloader.obj
c:\users\william.arnback\documents\github\dynamo\intermediate\windowhandler.obj
c:\users\william.arnback\documents\github\dynamo\intermediate\mainsingleton.obj
c:\users\william.arnback\documents\github\dynamo\intermediate\directxframework.obj
c:\users\william.arnback\documents\github\dynamo\intermediate\transform.obj
c:\users\william.arnback\documents\github\dynamo\intermediate\meshrenderer.obj
c:\users\william.arnback\documents\github\dynamo\intermediate\camera.obj
c:\users\william.arnback\documents\github\dynamo\bin\shaders\forwardps.cso
c:\users\william.arnback\documents\github\dynamo\bin\shaders\vertexshader.cso
c:\users\william.arnback\documents\github\dynamo\libs\dynamo-core_debug.lib
c:\users\william.arnback\documents\github\dynamo\intermediate\dynamo-game_debug.pch
c:\users\william.arnback\documents\github\dynamo\dynamo\..\libs\dynamo-core_debug.pdb
c:\users\william.arnback\documents\github\dynamo\intermediate\dynamo-core.tlog\cl.command.1.tlog
c:\users\william.arnback\documents\github\dynamo\intermediate\dynamo-core.tlog\cl.read.1.tlog
c:\users\william.arnback\documents\github\dynamo\intermediate\dynamo-core.tlog\cl.write.1.tlog
c:\users\william.arnback\documents\github\dynamo\intermediate\dynamo-core.tlog\fxc.command.1.tlog
c:\users\william.arnback\documents\github\dynamo\intermediate\dynamo-core.tlog\fxc.read.1.tlog
c:\users\william.arnback\documents\github\dynamo\intermediate\dynamo-core.tlog\fxc.write.1.tlog
c:\users\william.arnback\documents\github\dynamo\intermediate\dynamo-core.tlog\lib-link.read.1.tlog
c:\users\william.arnback\documents\github\dynamo\intermediate\dynamo-core.tlog\lib-link.write.1.tlog
c:\users\william.arnback\documents\github\dynamo\intermediate\dynamo-core.tlog\lib.command.1.tlog
